Arguments: 
  /usr/local/bin/node /opt/yarn-v1.22.5/bin/yarn.js install

PATH: 
  /usr/local/sbin:/usr/local/bin:/usr/sbin:/usr/bin:/sbin:/bin

Yarn version: 
  1.22.5

Node version: 
  15.14.0

Platform: 
  linux x64

Trace: 
  SyntaxError: /app/package.json: Unexpected token , in JSON at position 78
      at JSON.parse (<anonymous>)
      at /opt/yarn-v1.22.5/lib/cli.js:1625:59
      at Generator.next (<anonymous>)
      at step (/opt/yarn-v1.22.5/lib/cli.js:310:30)
      at /opt/yarn-v1.22.5/lib/cli.js:321:13

npm manifest: 
  {
    "name": "backend",
    "version": "0.0.1",
    "description": "",
    "timlecou",
    "license": "UNLICENSED",
    "scripts": {
      "test": "echo \"Error: no test specified\" && exit 1"
    }
  }

yarn manifest: 
  No manifest

Lockfile: 
  No lockfile
